{"D:\\vs\\m\\modsen-gallery\\src\\components\\addButton\\index.tsx": {"path":"D:\\vs\\m\\modsen-gallery\\src\\components\\addButton\\index.tsx","statementMap":{"0":{"start":{"line":1,"column":0},"end":{"line":1,"column":45}},"1":{"start":{"line":2,"column":0},"end":{"line":2,"column":43}},"2":{"start":{"line":3,"column":0},"end":{"line":3,"column":33}},"3":{"start":{"line":10,"column":25},"end":{"line":19,"column":1}},"4":{"start":{"line":11,"column":1},"end":{"line":18,"column":null}},"5":{"start":{"line":10,"column":13},"end":{"line":10,"column":25}}},"fnMap":{"0":{"name":"(anonymous_0)","decl":{"start":{"line":10,"column":25},"end":{"line":10,"column":26}},"loc":{"start":{"line":10,"column":60},"end":{"line":19,"column":1}}}},"branchMap":{},"s":{"0":3,"1":3,"2":3,"3":3,"4":5,"5":3},"f":{"0":5},"b":{}}
,"D:\\vs\\m\\modsen-gallery\\src\\components\\addButton\\styled.ts": {"path":"D:\\vs\\m\\modsen-gallery\\src\\components\\addButton\\styled.ts","statementMap":{"0":{"start":{"line":1,"column":0},"end":{"line":1,"column":41}},"1":{"start":{"line":2,"column":0},"end":{"line":2,"column":42}},"2":{"start":{"line":8,"column":15},"end":{"line":24,"column":null}},"3":{"start":{"line":18,"column":2},"end":{"line":18,"column":69}},"4":{"start":{"line":26,"column":9},"end":{"line":26,"column":15}}},"fnMap":{"0":{"name":"(anonymous_0)","decl":{"start":{"line":17,"column":21},"end":{"line":17,"column":22}},"loc":{"start":{"line":18,"column":2},"end":{"line":18,"column":69}}}},"branchMap":{"0":{"loc":{"start":{"line":18,"column":2},"end":{"line":18,"column":69}},"type":"cond-expr","locations":[{"start":{"line":18,"column":16},"end":{"line":18,"column":45}},{"start":{"line":18,"column":48},"end":{"line":18,"column":69}}]}},"s":{"0":3,"1":3,"2":3,"3":5,"4":3},"f":{"0":5},"b":{"0":[0,5]}}
,"D:\\vs\\m\\modsen-gallery\\src\\components\\appIcon\\index.tsx": {"path":"D:\\vs\\m\\modsen-gallery\\src\\components\\appIcon\\index.tsx","statementMap":{"0":{"start":{"line":1,"column":0},"end":{"line":1,"column":41}},"1":{"start":{"line":10,"column":23},"end":{"line":21,"column":1}},"2":{"start":{"line":15,"column":1},"end":{"line":20,"column":null}},"3":{"start":{"line":10,"column":13},"end":{"line":10,"column":23}}},"fnMap":{"0":{"name":"(anonymous_0)","decl":{"start":{"line":10,"column":23},"end":{"line":10,"column":24}},"loc":{"start":{"line":14,"column":12},"end":{"line":21,"column":1}}}},"branchMap":{"0":{"loc":{"start":{"line":12,"column":1},"end":{"line":12,"column":10}},"type":"default-arg","locations":[{"start":{"line":12,"column":8},"end":{"line":12,"column":10}}]},"1":{"loc":{"start":{"line":13,"column":1},"end":{"line":13,"column":34}},"type":"default-arg","locations":[{"start":{"line":13,"column":9},"end":{"line":13,"column":34}}]}},"s":{"0":4,"1":4,"2":7,"3":4},"f":{"0":7},"b":{"0":[6],"1":[6]}}
,"D:\\vs\\m\\modsen-gallery\\src\\components\\appLogo\\index.tsx": {"path":"D:\\vs\\m\\modsen-gallery\\src\\components\\appLogo\\index.tsx","statementMap":{"0":{"start":{"line":1,"column":0},"end":{"line":1,"column":63}},"1":{"start":{"line":8,"column":23},"end":{"line":79,"column":1}},"2":{"start":{"line":9,"column":1},"end":{"line":78,"column":null}},"3":{"start":{"line":8,"column":13},"end":{"line":8,"column":23}}},"fnMap":{"0":{"name":"(anonymous_0)","decl":{"start":{"line":8,"column":23},"end":{"line":8,"column":24}},"loc":{"start":{"line":8,"column":72},"end":{"line":79,"column":1}}}},"branchMap":{"0":{"loc":{"start":{"line":8,"column":26},"end":{"line":8,"column":41}},"type":"default-arg","locations":[{"start":{"line":8,"column":36},"end":{"line":8,"column":41}}]},"1":{"loc":{"start":{"line":8,"column":43},"end":{"line":8,"column":59}},"type":"default-arg","locations":[{"start":{"line":8,"column":54},"end":{"line":8,"column":59}}]},"2":{"loc":{"start":{"line":60,"column":5},"end":{"line":69,"column":null}},"type":"binary-expr","locations":[{"start":{"line":60,"column":5},"end":{"line":60,"column":12}},{"start":{"line":61,"column":5},"end":{"line":68,"column":null}}]},"3":{"loc":{"start":{"line":72,"column":4},"end":{"line":75,"column":null}},"type":"binary-expr","locations":[{"start":{"line":72,"column":4},"end":{"line":72,"column":12}},{"start":{"line":73,"column":4},"end":{"line":74,"column":null}}]}},"s":{"0":3,"1":3,"2":4,"3":3},"f":{"0":4},"b":{"0":[4],"1":[4],"2":[4,0],"3":[4,0]}}
,"D:\\vs\\m\\modsen-gallery\\src\\components\\appLogo\\styled.ts": {"path":"D:\\vs\\m\\modsen-gallery\\src\\components\\appLogo\\styled.ts","statementMap":{"0":{"start":{"line":1,"column":0},"end":{"line":1,"column":41}},"1":{"start":{"line":2,"column":0},"end":{"line":2,"column":42}},"2":{"start":{"line":4,"column":20},"end":{"line":8,"column":null}},"3":{"start":{"line":19,"column":34},"end":{"line":19,"column":45}},"4":{"start":{"line":10,"column":17},"end":{"line":12,"column":null}},"5":{"start":{"line":19,"column":24},"end":{"line":19,"column":32}},"6":{"start":{"line":14,"column":22},"end":{"line":17,"column":null}},"7":{"start":{"line":19,"column":9},"end":{"line":19,"column":22}}},"fnMap":{},"branchMap":{},"s":{"0":3,"1":3,"2":3,"3":3,"4":3,"5":3,"6":3,"7":3},"f":{},"b":{}}
,"D:\\vs\\m\\modsen-gallery\\src\\components\\carouselItem\\index.tsx": {"path":"D:\\vs\\m\\modsen-gallery\\src\\components\\carouselItem\\index.tsx","statementMap":{"0":{"start":{"line":1,"column":0},"end":{"line":1,"column":49}},"1":{"start":{"line":2,"column":0},"end":{"line":2,"column":45}},"2":{"start":{"line":4,"column":0},"end":{"line":4,"column":47}},"3":{"start":{"line":5,"column":0},"end":{"line":5,"column":38}},"4":{"start":{"line":6,"column":0},"end":{"line":6,"column":49}},"5":{"start":{"line":7,"column":0},"end":{"line":7,"column":null}},"6":{"start":{"line":22,"column":28},"end":{"line":60,"column":1}},"7":{"start":{"line":23,"column":57},"end":{"line":23,"column":64}},"8":{"start":{"line":25,"column":18},"end":{"line":25,"column":78}},"9":{"start":{"line":25,"column":32},"end":{"line":25,"column":65}},"10":{"start":{"line":26,"column":45},"end":{"line":26,"column":66}},"11":{"start":{"line":28,"column":21},"end":{"line":34,"column":2}},"12":{"start":{"line":32,"column":2},"end":{"line":32,"column":null}},"13":{"start":{"line":33,"column":2},"end":{"line":33,"column":null}},"14":{"start":{"line":36,"column":1},"end":{"line":59,"column":null}},"15":{"start":{"line":55,"column":23},"end":{"line":55,"column":45}},"16":{"start":{"line":22,"column":13},"end":{"line":22,"column":28}}},"fnMap":{"0":{"name":"(anonymous_0)","decl":{"start":{"line":22,"column":28},"end":{"line":22,"column":29}},"loc":{"start":{"line":22,"column":51},"end":{"line":60,"column":1}}},"1":{"name":"(anonymous_1)","decl":{"start":{"line":25,"column":26},"end":{"line":25,"column":29}},"loc":{"start":{"line":25,"column":32},"end":{"line":25,"column":65}}},"2":{"name":"(anonymous_2)","decl":{"start":{"line":28,"column":21},"end":{"line":28,"column":null}},"loc":{"start":{"line":31,"column":5},"end":{"line":34,"column":2}}},"3":{"name":"(anonymous_3)","decl":{"start":{"line":55,"column":14},"end":{"line":55,"column":19}},"loc":{"start":{"line":55,"column":23},"end":{"line":55,"column":45}}}},"branchMap":{"0":{"loc":{"start":{"line":25,"column":32},"end":{"line":25,"column":65}},"type":"binary-expr","locations":[{"start":{"line":25,"column":32},"end":{"line":25,"column":40}},{"start":{"line":25,"column":44},"end":{"line":25,"column":65}}]},"1":{"loc":{"start":{"line":38,"column":4},"end":{"line":43,"column":null}},"type":"cond-expr","locations":[{"start":{"line":39,"column":4},"end":{"line":39,"column":33}},{"start":{"line":41,"column":4},"end":{"line":42,"column":null}}]},"2":{"loc":{"start":{"line":48,"column":14},"end":{"line":48,"column":38}},"type":"binary-expr","locations":[{"start":{"line":48,"column":14},"end":{"line":48,"column":19}},{"start":{"line":48,"column":23},"end":{"line":48,"column":38}}]},"3":{"loc":{"start":{"line":49,"column":15},"end":{"line":49,"column":47}},"type":"binary-expr","locations":[{"start":{"line":49,"column":15},"end":{"line":49,"column":27}},{"start":{"line":49,"column":31},"end":{"line":49,"column":47}}]}},"s":{"0":1,"1":1,"2":1,"3":1,"4":1,"5":1,"6":1,"7":1,"8":1,"9":1,"10":1,"11":1,"12":1,"13":1,"14":1,"15":1,"16":1},"f":{"0":1,"1":1,"2":1,"3":1},"b":{"0":[1,1],"1":[1,0],"2":[1,0],"3":[1,0]}}
,"D:\\vs\\m\\modsen-gallery\\src\\components\\carouselItem\\styled.ts": {"path":"D:\\vs\\m\\modsen-gallery\\src\\components\\carouselItem\\styled.ts","statementMap":{"0":{"start":{"line":1,"column":0},"end":{"line":1,"column":41}},"1":{"start":{"line":2,"column":0},"end":{"line":2,"column":42}},"2":{"start":{"line":8,"column":19},"end":{"line":15,"column":null}},"3":{"start":{"line":11,"column":34},"end":{"line":11,"column":43}},"4":{"start":{"line":70,"column":1},"end":{"line":70,"column":11}},"5":{"start":{"line":17,"column":24},"end":{"line":23,"column":null}},"6":{"start":{"line":73,"column":1},"end":{"line":73,"column":16}},"7":{"start":{"line":25,"column":22},"end":{"line":34,"column":null}},"8":{"start":{"line":74,"column":1},"end":{"line":74,"column":14}},"9":{"start":{"line":36,"column":25},"end":{"line":40,"column":null}},"10":{"start":{"line":71,"column":1},"end":{"line":71,"column":17}},"11":{"start":{"line":42,"column":21},"end":{"line":45,"column":null}},"12":{"start":{"line":76,"column":1},"end":{"line":76,"column":13}},"13":{"start":{"line":47,"column":14},"end":{"line":57,"column":null}},"14":{"start":{"line":75,"column":1},"end":{"line":75,"column":6}},"15":{"start":{"line":59,"column":15},"end":{"line":62,"column":null}},"16":{"start":{"line":69,"column":1},"end":{"line":69,"column":7}},"17":{"start":{"line":64,"column":20},"end":{"line":66,"column":null}},"18":{"start":{"line":72,"column":1},"end":{"line":72,"column":12}}},"fnMap":{"0":{"name":"(anonymous_0)","decl":{"start":{"line":11,"column":25},"end":{"line":11,"column":30}},"loc":{"start":{"line":11,"column":34},"end":{"line":11,"column":43}}}},"branchMap":{},"s":{"0":1,"1":1,"2":1,"3":1,"4":1,"5":1,"6":1,"7":1,"8":1,"9":1,"10":1,"11":1,"12":1,"13":1,"14":1,"15":1,"16":1,"17":1,"18":1},"f":{"0":1},"b":{}}
,"D:\\vs\\m\\modsen-gallery\\src\\components\\errorBoundary\\index.tsx": {"path":"D:\\vs\\m\\modsen-gallery\\src\\components\\errorBoundary\\index.tsx","statementMap":{"0":{"start":{"line":1,"column":0},"end":{"line":1,"column":55}},"1":{"start":{"line":2,"column":0},"end":{"line":2,"column":55}},"2":{"start":{"line":13,"column":8},"end":{"line":15,"column":null}},"3":{"start":{"line":18,"column":2},"end":{"line":18,"column":null}},"4":{"start":{"line":22,"column":2},"end":{"line":22,"column":null}},"5":{"start":{"line":26,"column":2},"end":{"line":34,"column":3}},"6":{"start":{"line":27,"column":3},"end":{"line":33,"column":null}},"7":{"start":{"line":36,"column":2},"end":{"line":36,"column":null}},"8":{"start":{"line":12,"column":0},"end":{"line":12,"column":13}}},"fnMap":{"0":{"name":"(anonymous_0)","decl":{"start":{"line":12,"column":0},"end":{"line":12,"column":13}},"loc":{"start":{"line":12,"column":0},"end":{"line":38,"column":1}}},"1":{"name":"(anonymous_1)","decl":{"start":{"line":17,"column":8},"end":{"line":17,"column":14}},"loc":{"start":{"line":17,"column":39},"end":{"line":19,"column":2}}},"2":{"name":"(anonymous_2)","decl":{"start":{"line":21,"column":8},"end":{"line":21,"column":25}},"loc":{"start":{"line":21,"column":60},"end":{"line":23,"column":2}}},"3":{"name":"(anonymous_3)","decl":{"start":{"line":25,"column":8},"end":{"line":25,"column":14}},"loc":{"start":{"line":25,"column":14},"end":{"line":37,"column":2}}}},"branchMap":{"0":{"loc":{"start":{"line":26,"column":2},"end":{"line":34,"column":3}},"type":"if","locations":[{"start":{"line":26,"column":2},"end":{"line":34,"column":3}}]}},"s":{"0":1,"1":1,"2":3,"3":2,"4":1,"5":5,"6":2,"7":3,"8":1},"f":{"0":4,"1":2,"2":1,"3":5},"b":{"0":[2]}}
,"D:\\vs\\m\\modsen-gallery\\src\\components\\galleryItem\\index.tsx": {"path":"D:\\vs\\m\\modsen-gallery\\src\\components\\galleryItem\\index.tsx","statementMap":{"0":{"start":{"line":1,"column":0},"end":{"line":1,"column":49}},"1":{"start":{"line":2,"column":0},"end":{"line":2,"column":45}},"2":{"start":{"line":4,"column":0},"end":{"line":4,"column":47}},"3":{"start":{"line":5,"column":0},"end":{"line":5,"column":41}},"4":{"start":{"line":6,"column":0},"end":{"line":6,"column":46}},"5":{"start":{"line":7,"column":0},"end":{"line":7,"column":49}},"6":{"start":{"line":8,"column":0},"end":{"line":8,"column":null}},"7":{"start":{"line":25,"column":27},"end":{"line":87,"column":1}},"8":{"start":{"line":27,"column":2},"end":{"line":27,"column":9}},"9":{"start":{"line":29,"column":18},"end":{"line":29,"column":31}},"10":{"start":{"line":30,"column":18},"end":{"line":30,"column":78}},"11":{"start":{"line":30,"column":32},"end":{"line":30,"column":65}},"12":{"start":{"line":31,"column":31},"end":{"line":31,"column":46}},"13":{"start":{"line":33,"column":45},"end":{"line":33,"column":66}},"14":{"start":{"line":35,"column":26},"end":{"line":35,"column":48}},"15":{"start":{"line":35,"column":32},"end":{"line":35,"column":48}},"16":{"start":{"line":36,"column":26},"end":{"line":36,"column":49}},"17":{"start":{"line":36,"column":32},"end":{"line":36,"column":49}},"18":{"start":{"line":38,"column":21},"end":{"line":44,"column":2}},"19":{"start":{"line":42,"column":2},"end":{"line":42,"column":null}},"20":{"start":{"line":43,"column":2},"end":{"line":43,"column":null}},"21":{"start":{"line":46,"column":1},"end":{"line":86,"column":null}},"22":{"start":{"line":50,"column":18},"end":{"line":50,"column":44}},"23":{"start":{"line":83,"column":22},"end":{"line":83,"column":44}},"24":{"start":{"line":25,"column":13},"end":{"line":25,"column":27}}},"fnMap":{"0":{"name":"(anonymous_0)","decl":{"start":{"line":25,"column":27},"end":{"line":25,"column":28}},"loc":{"start":{"line":25,"column":50},"end":{"line":87,"column":1}}},"1":{"name":"(anonymous_1)","decl":{"start":{"line":30,"column":26},"end":{"line":30,"column":29}},"loc":{"start":{"line":30,"column":32},"end":{"line":30,"column":65}}},"2":{"name":"(anonymous_2)","decl":{"start":{"line":35,"column":26},"end":{"line":35,"column":29}},"loc":{"start":{"line":35,"column":32},"end":{"line":35,"column":48}}},"3":{"name":"(anonymous_3)","decl":{"start":{"line":36,"column":26},"end":{"line":36,"column":29}},"loc":{"start":{"line":36,"column":32},"end":{"line":36,"column":49}}},"4":{"name":"(anonymous_4)","decl":{"start":{"line":38,"column":21},"end":{"line":38,"column":null}},"loc":{"start":{"line":41,"column":5},"end":{"line":44,"column":2}}},"5":{"name":"(anonymous_5)","decl":{"start":{"line":50,"column":12},"end":{"line":50,"column":15}},"loc":{"start":{"line":50,"column":18},"end":{"line":50,"column":44}}},"6":{"name":"(anonymous_6)","decl":{"start":{"line":83,"column":13},"end":{"line":83,"column":18}},"loc":{"start":{"line":83,"column":22},"end":{"line":83,"column":44}}}},"branchMap":{"0":{"loc":{"start":{"line":30,"column":32},"end":{"line":30,"column":65}},"type":"binary-expr","locations":[{"start":{"line":30,"column":32},"end":{"line":30,"column":40}},{"start":{"line":30,"column":44},"end":{"line":30,"column":65}}]},"1":{"loc":{"start":{"line":54,"column":6},"end":{"line":66,"column":null}},"type":"cond-expr","locations":[{"start":{"line":55,"column":6},"end":{"line":63,"column":null}},{"start":{"line":66,"column":6},"end":{"line":66,"column":17}}]},"2":{"loc":{"start":{"line":58,"column":13},"end":{"line":58,"column":31}},"type":"binary-expr","locations":[{"start":{"line":58,"column":13},"end":{"line":58,"column":18}},{"start":{"line":58,"column":22},"end":{"line":58,"column":31}}]},"3":{"loc":{"start":{"line":72,"column":14},"end":{"line":72,"column":38}},"type":"binary-expr","locations":[{"start":{"line":72,"column":14},"end":{"line":72,"column":19}},{"start":{"line":72,"column":23},"end":{"line":72,"column":38}}]},"4":{"loc":{"start":{"line":74,"column":8},"end":{"line":74,"column":58}},"type":"binary-expr","locations":[{"start":{"line":74,"column":8},"end":{"line":74,"column":20}},{"start":{"line":74,"column":24},"end":{"line":74,"column":38}},{"start":{"line":74,"column":42},"end":{"line":74,"column":58}}]}},"s":{"0":2,"1":2,"2":2,"3":2,"4":2,"5":2,"6":2,"7":2,"8":4,"9":4,"10":4,"11":4,"12":4,"13":4,"14":4,"15":0,"16":4,"17":0,"18":4,"19":1,"20":1,"21":4,"22":0,"23":1,"24":2},"f":{"0":4,"1":4,"2":0,"3":0,"4":1,"5":0,"6":1},"b":{"0":[4,4],"1":[4,0],"2":[4,0],"3":[4,0],"4":[4,0,0]}}
,"D:\\vs\\m\\modsen-gallery\\src\\components\\galleryItem\\styled.ts": {"path":"D:\\vs\\m\\modsen-gallery\\src\\components\\galleryItem\\styled.ts","statementMap":{"0":{"start":{"line":1,"column":0},"end":{"line":1,"column":41}},"1":{"start":{"line":2,"column":0},"end":{"line":2,"column":42}},"2":{"start":{"line":8,"column":20},"end":{"line":17,"column":null}},"3":{"start":{"line":97,"column":1},"end":{"line":97,"column":12}},"4":{"start":{"line":19,"column":22},"end":{"line":22,"column":null}},"5":{"start":{"line":94,"column":1},"end":{"line":94,"column":14}},"6":{"start":{"line":24,"column":23},"end":{"line":28,"column":null}},"7":{"start":{"line":95,"column":1},"end":{"line":95,"column":15}},"8":{"start":{"line":30,"column":15},"end":{"line":39,"column":null}},"9":{"start":{"line":38,"column":2},"end":{"line":38,"column":48}},"10":{"start":{"line":96,"column":1},"end":{"line":96,"column":7}},"11":{"start":{"line":41,"column":22},"end":{"line":55,"column":null}},"12":{"start":{"line":54,"column":2},"end":{"line":54,"column":49}},"13":{"start":{"line":98,"column":1},"end":{"line":98,"column":14}},"14":{"start":{"line":57,"column":25},"end":{"line":61,"column":null}},"15":{"start":{"line":92,"column":1},"end":{"line":92,"column":17}},"16":{"start":{"line":63,"column":21},"end":{"line":69,"column":null}},"17":{"start":{"line":100,"column":1},"end":{"line":100,"column":13}},"18":{"start":{"line":71,"column":14},"end":{"line":80,"column":null}},"19":{"start":{"line":99,"column":1},"end":{"line":99,"column":6}},"20":{"start":{"line":82,"column":15},"end":{"line":84,"column":null}},"21":{"start":{"line":91,"column":1},"end":{"line":91,"column":7}},"22":{"start":{"line":86,"column":20},"end":{"line":88,"column":null}},"23":{"start":{"line":93,"column":1},"end":{"line":93,"column":12}}},"fnMap":{"0":{"name":"(anonymous_0)","decl":{"start":{"line":37,"column":14},"end":{"line":37,"column":15}},"loc":{"start":{"line":38,"column":2},"end":{"line":38,"column":48}}},"1":{"name":"(anonymous_1)","decl":{"start":{"line":53,"column":14},"end":{"line":53,"column":15}},"loc":{"start":{"line":54,"column":2},"end":{"line":54,"column":49}}}},"branchMap":{"0":{"loc":{"start":{"line":38,"column":2},"end":{"line":38,"column":48}},"type":"cond-expr","locations":[{"start":{"line":38,"column":13},"end":{"line":38,"column":30}},{"start":{"line":38,"column":33},"end":{"line":38,"column":48}}]},"1":{"loc":{"start":{"line":54,"column":2},"end":{"line":54,"column":49}},"type":"cond-expr","locations":[{"start":{"line":54,"column":13},"end":{"line":54,"column":28}},{"start":{"line":54,"column":31},"end":{"line":54,"column":49}}]}},"s":{"0":2,"1":2,"2":2,"3":2,"4":2,"5":2,"6":2,"7":2,"8":2,"9":4,"10":2,"11":2,"12":4,"13":2,"14":2,"15":2,"16":2,"17":2,"18":2,"19":2,"20":2,"21":2,"22":2,"23":2},"f":{"0":4,"1":4},"b":{"0":[0,4],"1":[0,4]}}
,"D:\\vs\\m\\modsen-gallery\\src\\components\\gallerySection\\index.tsx": {"path":"D:\\vs\\m\\modsen-gallery\\src\\components\\gallerySection\\index.tsx","statementMap":{"0":{"start":{"line":1,"column":0},"end":{"line":1,"column":53}},"1":{"start":{"line":2,"column":0},"end":{"line":2,"column":43}},"2":{"start":{"line":3,"column":0},"end":{"line":3,"column":55}},"3":{"start":{"line":4,"column":0},"end":{"line":4,"column":48}},"4":{"start":{"line":5,"column":0},"end":{"line":5,"column":40}},"5":{"start":{"line":6,"column":0},"end":{"line":6,"column":45}},"6":{"start":{"line":7,"column":0},"end":{"line":7,"column":67}},"7":{"start":{"line":9,"column":30},"end":{"line":49,"column":1}},"8":{"start":{"line":10,"column":20},"end":{"line":10,"column":55}},"9":{"start":{"line":12,"column":29},"end":{"line":12,"column":78}},"10":{"start":{"line":12,"column":35},"end":{"line":12,"column":78}},"11":{"start":{"line":18,"column":5},"end":{"line":18,"column":42}},"12":{"start":{"line":20,"column":1},"end":{"line":27,"column":2}},"13":{"start":{"line":21,"column":2},"end":{"line":26,"column":null}},"14":{"start":{"line":29,"column":1},"end":{"line":48,"column":null}},"15":{"start":{"line":41,"column":7},"end":{"line":41,"column":null}},"16":{"start":{"line":9,"column":13},"end":{"line":9,"column":30}}},"fnMap":{"0":{"name":"(anonymous_0)","decl":{"start":{"line":9,"column":30},"end":{"line":9,"column":33}},"loc":{"start":{"line":9,"column":35},"end":{"line":49,"column":1}}},"1":{"name":"(anonymous_1)","decl":{"start":{"line":12,"column":29},"end":{"line":12,"column":32}},"loc":{"start":{"line":12,"column":35},"end":{"line":12,"column":78}}},"2":{"name":"(anonymous_2)","decl":{"start":{"line":40,"column":19},"end":{"line":40,"column":20}},"loc":{"start":{"line":41,"column":7},"end":{"line":41,"column":null}}}},"branchMap":{"0":{"loc":{"start":{"line":20,"column":1},"end":{"line":27,"column":2}},"type":"if","locations":[{"start":{"line":20,"column":1},"end":{"line":27,"column":2}}]},"1":{"loc":{"start":{"line":35,"column":4},"end":{"line":45,"column":null}},"type":"cond-expr","locations":[{"start":{"line":36,"column":4},"end":{"line":36,"column":14}},{"start":{"line":38,"column":4},"end":{"line":44,"column":null}}]},"2":{"loc":{"start":{"line":39,"column":6},"end":{"line":44,"column":8}},"type":"binary-expr","locations":[{"start":{"line":39,"column":6},"end":{"line":39,"column":14}},{"start":{"line":40,"column":6},"end":{"line":44,"column":8}}]},"3":{"loc":{"start":{"line":41,"column":25},"end":{"line":41,"column":36}},"type":"binary-expr","locations":[{"start":{"line":41,"column":25},"end":{"line":41,"column":27}},{"start":{"line":41,"column":31},"end":{"line":41,"column":36}}]}},"s":{"0":1,"1":1,"2":1,"3":1,"4":1,"5":1,"6":1,"7":1,"8":3,"9":3,"10":0,"11":3,"12":3,"13":1,"14":2,"15":2,"16":1},"f":{"0":3,"1":0,"2":2},"b":{"0":[1],"1":[1,1],"2":[1,1],"3":[2,0]}}
,"D:\\vs\\m\\modsen-gallery\\src\\components\\gallerySection\\styled.ts": {"path":"D:\\vs\\m\\modsen-gallery\\src\\components\\gallerySection\\styled.ts","statementMap":{"0":{"start":{"line":1,"column":0},"end":{"line":1,"column":41}},"1":{"start":{"line":2,"column":0},"end":{"line":2,"column":42}},"2":{"start":{"line":4,"column":23},"end":{"line":8,"column":null}},"3":{"start":{"line":43,"column":22},"end":{"line":43,"column":36}},"4":{"start":{"line":10,"column":20},"end":{"line":24,"column":null}},"5":{"start":{"line":43,"column":9},"end":{"line":43,"column":20}},"6":{"start":{"line":26,"column":20},"end":{"line":41,"column":null}},"7":{"start":{"line":43,"column":38},"end":{"line":43,"column":49}}},"fnMap":{},"branchMap":{},"s":{"0":1,"1":1,"2":1,"3":1,"4":1,"5":1,"6":1,"7":1},"f":{},"b":{}}
,"D:\\vs\\m\\modsen-gallery\\src\\components\\loader\\index.tsx": {"path":"D:\\vs\\m\\modsen-gallery\\src\\components\\loader\\index.tsx","statementMap":{"0":{"start":{"line":1,"column":0},"end":{"line":1,"column":52}},"1":{"start":{"line":3,"column":22},"end":{"line":12,"column":1}},"2":{"start":{"line":4,"column":1},"end":{"line":11,"column":null}},"3":{"start":{"line":3,"column":13},"end":{"line":3,"column":22}}},"fnMap":{"0":{"name":"(anonymous_0)","decl":{"start":{"line":3,"column":22},"end":{"line":3,"column":25}},"loc":{"start":{"line":3,"column":27},"end":{"line":12,"column":1}}}},"branchMap":{},"s":{"0":1,"1":1,"2":1,"3":1},"f":{"0":1},"b":{}}
,"D:\\vs\\m\\modsen-gallery\\src\\components\\loader\\styled.ts": {"path":"D:\\vs\\m\\modsen-gallery\\src\\components\\loader\\styled.ts","statementMap":{"0":{"start":{"line":1,"column":0},"end":{"line":1,"column":41}},"1":{"start":{"line":2,"column":0},"end":{"line":2,"column":53}},"2":{"start":{"line":4,"column":16},"end":{"line":12,"column":null}},"3":{"start":{"line":14,"column":22},"end":{"line":20,"column":null}},"4":{"start":{"line":47,"column":21},"end":{"line":47,"column":34}},"5":{"start":{"line":22,"column":19},"end":{"line":45,"column":null}},"6":{"start":{"line":47,"column":9},"end":{"line":47,"column":19}}},"fnMap":{},"branchMap":{},"s":{"0":1,"1":1,"2":1,"3":1,"4":1,"5":1,"6":1},"f":{},"b":{}}
,"D:\\vs\\m\\modsen-gallery\\src\\components\\sectionTitle\\index.tsx": {"path":"D:\\vs\\m\\modsen-gallery\\src\\components\\sectionTitle\\index.tsx","statementMap":{"0":{"start":{"line":1,"column":0},"end":{"line":1,"column":56}},"1":{"start":{"line":8,"column":28},"end":{"line":15,"column":1}},"2":{"start":{"line":9,"column":1},"end":{"line":14,"column":null}},"3":{"start":{"line":8,"column":13},"end":{"line":8,"column":28}}},"fnMap":{"0":{"name":"(anonymous_0)","decl":{"start":{"line":8,"column":28},"end":{"line":8,"column":29}},"loc":{"start":{"line":8,"column":59},"end":{"line":15,"column":1}}}},"branchMap":{},"s":{"0":1,"1":1,"2":3,"3":1},"f":{"0":3},"b":{}}
,"D:\\vs\\m\\modsen-gallery\\src\\components\\sectionTitle\\styled.ts": {"path":"D:\\vs\\m\\modsen-gallery\\src\\components\\sectionTitle\\styled.ts","statementMap":{"0":{"start":{"line":1,"column":0},"end":{"line":1,"column":41}},"1":{"start":{"line":2,"column":0},"end":{"line":2,"column":42}},"2":{"start":{"line":4,"column":21},"end":{"line":9,"column":null}},"3":{"start":{"line":28,"column":26},"end":{"line":28,"column":38}},"4":{"start":{"line":11,"column":14},"end":{"line":16,"column":null}},"5":{"start":{"line":28,"column":19},"end":{"line":28,"column":24}},"6":{"start":{"line":18,"column":17},"end":{"line":26,"column":null}},"7":{"start":{"line":28,"column":9},"end":{"line":28,"column":17}}},"fnMap":{},"branchMap":{},"s":{"0":1,"1":1,"2":1,"3":1,"4":1,"5":1,"6":1,"7":1},"f":{},"b":{}}
,"D:\\vs\\m\\modsen-gallery\\src\\constants\\limits.ts": {"path":"D:\\vs\\m\\modsen-gallery\\src\\constants\\limits.ts","statementMap":{"0":{"start":{"line":1,"column":0},"end":{"line":1,"column":null}},"1":{"start":{"line":2,"column":1},"end":{"line":2,"column":null}},"2":{"start":{"line":3,"column":1},"end":{"line":3,"column":null}},"3":{"start":{"line":4,"column":1},"end":{"line":4,"column":null}}},"fnMap":{"0":{"name":"(anonymous_0)","decl":{"start":{"line":1,"column":0},"end":{"line":1,"column":12}},"loc":{"start":{"line":1,"column":24},"end":{"line":5,"column":1}}}},"branchMap":{"0":{"loc":{"start":{"line":1,"column":12},"end":{"line":1,"column":null}},"type":"binary-expr","locations":[{"start":{"line":1,"column":12},"end":{"line":1,"column":24}},{"start":{"line":1,"column":24},"end":{"line":1,"column":null}}]}},"s":{"0":1,"1":1,"2":1,"3":1},"f":{"0":1},"b":{"0":[1,1]}}
,"D:\\vs\\m\\modsen-gallery\\src\\constants\\url.ts": {"path":"D:\\vs\\m\\modsen-gallery\\src\\constants\\url.ts","statementMap":{"0":{"start":{"line":1,"column":13},"end":{"line":1,"column":null}}},"fnMap":{},"branchMap":{},"s":{"0":1},"f":{},"b":{}}
,"D:\\vs\\m\\modsen-gallery\\src\\context\\index.tsx": {"path":"D:\\vs\\m\\modsen-gallery\\src\\context\\index.tsx","statementMap":{"0":{"start":{"line":1,"column":0},"end":{"line":1,"column":69}},"1":{"start":{"line":2,"column":0},"end":{"line":2,"column":53}},"2":{"start":{"line":14,"column":25},"end":{"line":18,"column":2}},"3":{"start":{"line":17,"column":24},"end":{"line":17,"column":29}},"4":{"start":{"line":20,"column":33},"end":{"line":37,"column":1}},"5":{"start":{"line":21,"column":56},"end":{"line":21,"column":70}},"6":{"start":{"line":23,"column":15},"end":{"line":29,"column":null}},"7":{"start":{"line":24,"column":9},"end":{"line":28,"column":4}},"8":{"start":{"line":32,"column":1},"end":{"line":36,"column":null}},"9":{"start":{"line":20,"column":13},"end":{"line":20,"column":33}},"10":{"start":{"line":39,"column":35},"end":{"line":39,"column":69}},"11":{"start":{"line":39,"column":41},"end":{"line":39,"column":69}},"12":{"start":{"line":39,"column":13},"end":{"line":39,"column":35}}},"fnMap":{"0":{"name":"(anonymous_0)","decl":{"start":{"line":16,"column":17},"end":{"line":16,"column":20}},"loc":{"start":{"line":16,"column":22},"end":{"line":16,"column":25}}},"1":{"name":"(anonymous_1)","decl":{"start":{"line":17,"column":18},"end":{"line":17,"column":21}},"loc":{"start":{"line":17,"column":24},"end":{"line":17,"column":29}}},"2":{"name":"(anonymous_2)","decl":{"start":{"line":20,"column":33},"end":{"line":20,"column":34}},"loc":{"start":{"line":20,"column":57},"end":{"line":37,"column":1}}},"3":{"name":"(anonymous_3)","decl":{"start":{"line":24,"column":2},"end":{"line":24,"column":5}},"loc":{"start":{"line":24,"column":9},"end":{"line":28,"column":4}}},"4":{"name":"(anonymous_4)","decl":{"start":{"line":39,"column":35},"end":{"line":39,"column":38}},"loc":{"start":{"line":39,"column":41},"end":{"line":39,"column":69}}}},"branchMap":{},"s":{"0":2,"1":2,"2":2,"3":2,"4":2,"5":2,"6":2,"7":2,"8":2,"9":2,"10":2,"11":4,"12":2},"f":{"0":0,"1":2,"2":2,"3":2,"4":4},"b":{}}
,"D:\\vs\\m\\modsen-gallery\\src\\hooks\\useFavorites.ts": {"path":"D:\\vs\\m\\modsen-gallery\\src\\hooks\\useFavorites.ts","statementMap":{"0":{"start":{"line":1,"column":0},"end":{"line":1,"column":51}},"1":{"start":{"line":4,"column":35},"end":{"line":4,"column":77}},"2":{"start":{"line":6,"column":25},"end":{"line":6,"column":63}},"3":{"start":{"line":6,"column":41},"end":{"line":6,"column":63}},"4":{"start":{"line":8,"column":24},"end":{"line":13,"column":2}},"5":{"start":{"line":9,"column":23},"end":{"line":11,"column":23}},"6":{"start":{"line":10,"column":29},"end":{"line":10,"column":39}},"7":{"start":{"line":12,"column":2},"end":{"line":12,"column":null}},"8":{"start":{"line":15,"column":1},"end":{"line":19,"column":null}},"9":{"start":{"line":3,"column":0},"end":{"line":3,"column":16}}},"fnMap":{"0":{"name":"useFavorites","decl":{"start":{"line":3,"column":16},"end":{"line":3,"column":28}},"loc":{"start":{"line":3,"column":28},"end":{"line":20,"column":1}}},"1":{"name":"(anonymous_1)","decl":{"start":{"line":6,"column":25},"end":{"line":6,"column":26}},"loc":{"start":{"line":6,"column":41},"end":{"line":6,"column":63}}},"2":{"name":"(anonymous_2)","decl":{"start":{"line":8,"column":24},"end":{"line":8,"column":25}},"loc":{"start":{"line":8,"column":39},"end":{"line":13,"column":2}}},"3":{"name":"(anonymous_3)","decl":{"start":{"line":10,"column":22},"end":{"line":10,"column":25}},"loc":{"start":{"line":10,"column":29},"end":{"line":10,"column":39}}}},"branchMap":{"0":{"loc":{"start":{"line":9,"column":23},"end":{"line":11,"column":23}},"type":"cond-expr","locations":[{"start":{"line":10,"column":5},"end":{"line":10,"column":40}},{"start":{"line":11,"column":5},"end":{"line":11,"column":23}}]}},"s":{"0":2,"1":5,"2":5,"3":5,"4":5,"5":4,"6":3,"7":4,"8":5,"9":2},"f":{"0":5,"1":5,"2":4,"3":3},"b":{"0":[2,2]}}
,"D:\\vs\\m\\modsen-gallery\\src\\hooks\\useFetch.ts": {"path":"D:\\vs\\m\\modsen-gallery\\src\\hooks\\useFetch.ts","statementMap":{"0":{"start":{"line":1,"column":0},"end":{"line":1,"column":51}},"1":{"start":{"line":5,"column":21},"end":{"line":46,"column":1}},"2":{"start":{"line":11,"column":25},"end":{"line":11,"column":49}},"3":{"start":{"line":12,"column":35},"end":{"line":12,"column":49}},"4":{"start":{"line":13,"column":31},"end":{"line":13,"column":46}},"5":{"start":{"line":14,"column":15},"end":{"line":14,"column":47}},"6":{"start":{"line":16,"column":1},"end":{"line":43,"column":null}},"7":{"start":{"line":17,"column":20},"end":{"line":39,"column":3}},"8":{"start":{"line":18,"column":3},"end":{"line":18,"column":null}},"9":{"start":{"line":19,"column":3},"end":{"line":19,"column":null}},"10":{"start":{"line":21,"column":3},"end":{"line":25,"column":4}},"11":{"start":{"line":22,"column":4},"end":{"line":22,"column":null}},"12":{"start":{"line":23,"column":4},"end":{"line":23,"column":null}},"13":{"start":{"line":24,"column":4},"end":{"line":24,"column":10}},"14":{"start":{"line":27,"column":3},"end":{"line":38,"column":4}},"15":{"start":{"line":28,"column":21},"end":{"line":28,"column":42}},"16":{"start":{"line":29,"column":4},"end":{"line":29,"column":null}},"17":{"start":{"line":31,"column":4},"end":{"line":33,"column":5}},"18":{"start":{"line":32,"column":5},"end":{"line":32,"column":null}},"19":{"start":{"line":35,"column":4},"end":{"line":35,"column":null}},"20":{"start":{"line":37,"column":4},"end":{"line":37,"column":null}},"21":{"start":{"line":41,"column":2},"end":{"line":41,"column":null}},"22":{"start":{"line":45,"column":1},"end":{"line":45,"column":null}},"23":{"start":{"line":48,"column":0},"end":{"line":48,"column":null}}},"fnMap":{"0":{"name":"(anonymous_0)","decl":{"start":{"line":5,"column":21},"end":{"line":5,"column":null}},"loc":{"start":{"line":10,"column":4},"end":{"line":46,"column":1}}},"1":{"name":"(anonymous_1)","decl":{"start":{"line":16,"column":11},"end":{"line":16,"column":14}},"loc":{"start":{"line":16,"column":16},"end":{"line":43,"column":2}}},"2":{"name":"(anonymous_2)","decl":{"start":{"line":17,"column":20},"end":{"line":17,"column":25}},"loc":{"start":{"line":17,"column":31},"end":{"line":39,"column":3}}}},"branchMap":{"0":{"loc":{"start":{"line":8,"column":1},"end":{"line":8,"column":25}},"type":"default-arg","locations":[{"start":{"line":8,"column":23},"end":{"line":8,"column":25}}]},"1":{"loc":{"start":{"line":21,"column":3},"end":{"line":25,"column":4}},"type":"if","locations":[{"start":{"line":21,"column":3},"end":{"line":25,"column":4}}]},"2":{"loc":{"start":{"line":21,"column":7},"end":{"line":21,"column":42}},"type":"binary-expr","locations":[{"start":{"line":21,"column":7},"end":{"line":21,"column":15}},{"start":{"line":21,"column":19},"end":{"line":21,"column":42}}]},"3":{"loc":{"start":{"line":31,"column":4},"end":{"line":33,"column":5}},"type":"if","locations":[{"start":{"line":31,"column":4},"end":{"line":33,"column":5}}]}},"s":{"0":1,"1":1,"2":0,"3":0,"4":0,"5":0,"6":0,"7":0,"8":0,"9":0,"10":0,"11":0,"12":0,"13":0,"14":0,"15":0,"16":0,"17":0,"18":0,"19":0,"20":0,"21":0,"22":0,"23":1},"f":{"0":0,"1":0,"2":0},"b":{"0":[0],"1":[0],"2":[0,0],"3":[0]}}
,"D:\\vs\\m\\modsen-gallery\\src\\hooks\\useLocalStorage.ts": {"path":"D:\\vs\\m\\modsen-gallery\\src\\hooks\\useLocalStorage.ts","statementMap":{"0":{"start":{"line":1,"column":0},"end":{"line":1,"column":43}},"1":{"start":{"line":7,"column":27},"end":{"line":10,"column":3}},"2":{"start":{"line":8,"column":15},"end":{"line":8,"column":47}},"3":{"start":{"line":9,"column":2},"end":{"line":9,"column":null}},"4":{"start":{"line":12,"column":1},"end":{"line":14,"column":null}},"5":{"start":{"line":13,"column":2},"end":{"line":13,"column":null}},"6":{"start":{"line":16,"column":1},"end":{"line":16,"column":null}},"7":{"start":{"line":3,"column":0},"end":{"line":3,"column":16}}},"fnMap":{"0":{"name":"useLocalStorage","decl":{"start":{"line":3,"column":16},"end":{"line":3,"column":31}},"loc":{"start":{"line":5,"column":16},"end":{"line":17,"column":1}}},"1":{"name":"(anonymous_1)","decl":{"start":{"line":7,"column":39},"end":{"line":7,"column":42}},"loc":{"start":{"line":7,"column":44},"end":{"line":10,"column":2}}},"2":{"name":"(anonymous_2)","decl":{"start":{"line":12,"column":11},"end":{"line":12,"column":14}},"loc":{"start":{"line":12,"column":16},"end":{"line":14,"column":2}}}},"branchMap":{"0":{"loc":{"start":{"line":9,"column":9},"end":{"line":9,"column":47}},"type":"cond-expr","locations":[{"start":{"line":9,"column":16},"end":{"line":9,"column":32}},{"start":{"line":9,"column":35},"end":{"line":9,"column":47}}]}},"s":{"0":3,"1":8,"2":3,"3":3,"4":8,"5":8,"6":8,"7":3},"f":{"0":8,"1":3,"2":8},"b":{"0":[1,2]}}
,"D:\\vs\\m\\modsen-gallery\\src\\styles\\theme.ts": {"path":"D:\\vs\\m\\modsen-gallery\\src\\styles\\theme.ts","statementMap":{"0":{"start":{"line":1,"column":13},"end":{"line":54,"column":null}}},"fnMap":{},"branchMap":{},"s":{"0":4},"f":{},"b":{}}
,"D:\\vs\\m\\modsen-gallery\\src\\utils\\api.ts": {"path":"D:\\vs\\m\\modsen-gallery\\src\\utils\\api.ts","statementMap":{"0":{"start":{"line":8,"column":0},"end":{"line":8,"column":46}},"1":{"start":{"line":10,"column":27},"end":{"line":18,"column":1}},"2":{"start":{"line":14,"column":18},"end":{"line":16,"column":3}},"3":{"start":{"line":17,"column":1},"end":{"line":17,"column":null}},"4":{"start":{"line":10,"column":13},"end":{"line":10,"column":27}},"5":{"start":{"line":20,"column":30},"end":{"line":27,"column":1}},"6":{"start":{"line":23,"column":18},"end":{"line":25,"column":3}},"7":{"start":{"line":26,"column":1},"end":{"line":26,"column":null}},"8":{"start":{"line":20,"column":13},"end":{"line":20,"column":30}},"9":{"start":{"line":29,"column":34},"end":{"line":34,"column":1}},"10":{"start":{"line":32,"column":18},"end":{"line":32,"column":75}},"11":{"start":{"line":33,"column":1},"end":{"line":33,"column":null}},"12":{"start":{"line":29,"column":13},"end":{"line":29,"column":34}},"13":{"start":{"line":36,"column":34},"end":{"line":56,"column":1}},"14":{"start":{"line":40,"column":1},"end":{"line":42,"column":2}},"15":{"start":{"line":41,"column":2},"end":{"line":41,"column":null}},"16":{"start":{"line":44,"column":18},"end":{"line":54,"column":3}},"17":{"start":{"line":55,"column":1},"end":{"line":55,"column":null}},"18":{"start":{"line":36,"column":13},"end":{"line":36,"column":34}}},"fnMap":{"0":{"name":"(anonymous_0)","decl":{"start":{"line":10,"column":27},"end":{"line":10,"column":32}},"loc":{"start":{"line":13,"column":31},"end":{"line":18,"column":1}}},"1":{"name":"(anonymous_1)","decl":{"start":{"line":20,"column":30},"end":{"line":20,"column":35}},"loc":{"start":{"line":22,"column":37},"end":{"line":27,"column":1}}},"2":{"name":"(anonymous_2)","decl":{"start":{"line":29,"column":34},"end":{"line":29,"column":39}},"loc":{"start":{"line":31,"column":28},"end":{"line":34,"column":1}}},"3":{"name":"(anonymous_3)","decl":{"start":{"line":36,"column":34},"end":{"line":36,"column":39}},"loc":{"start":{"line":39,"column":42},"end":{"line":56,"column":1}}}},"branchMap":{"0":{"loc":{"start":{"line":40,"column":1},"end":{"line":42,"column":2}},"type":"if","locations":[{"start":{"line":40,"column":1},"end":{"line":42,"column":2}}]}},"s":{"0":1,"1":1,"2":0,"3":0,"4":1,"5":1,"6":0,"7":0,"8":1,"9":1,"10":0,"11":0,"12":1,"13":1,"14":0,"15":0,"16":0,"17":0,"18":1},"f":{"0":0,"1":0,"2":0,"3":0},"b":{"0":[0]}}
,"D:\\vs\\m\\modsen-gallery\\src\\utils\\axiosConfing.ts": {"path":"D:\\vs\\m\\modsen-gallery\\src\\utils\\axiosConfing.ts","statementMap":{"0":{"start":{"line":1,"column":0},"end":{"line":1,"column":41}},"1":{"start":{"line":2,"column":0},"end":{"line":2,"column":25}},"2":{"start":{"line":4,"column":13},"end":{"line":6,"column":null}}},"fnMap":{},"branchMap":{},"s":{"0":1,"1":1,"2":1},"f":{},"b":{}}
,"D:\\vs\\m\\modsen-gallery\\src\\utils\\imageUtils.ts": {"path":"D:\\vs\\m\\modsen-gallery\\src\\utils\\imageUtils.ts","statementMap":{"0":{"start":{"line":1,"column":27},"end":{"line":3,"column":1}},"1":{"start":{"line":2,"column":1},"end":{"line":2,"column":null}},"2":{"start":{"line":1,"column":13},"end":{"line":1,"column":27}}},"fnMap":{"0":{"name":"(anonymous_0)","decl":{"start":{"line":1,"column":27},"end":{"line":1,"column":28}},"loc":{"start":{"line":1,"column":55},"end":{"line":3,"column":1}}}},"branchMap":{},"s":{"0":2,"1":3,"2":2},"f":{"0":3},"b":{}}
}
