TN:
SF:src\components\addButton\index.tsx
FN:10,(anonymous_0)
FNF:1
FNH:1
FNDA:5,(anonymous_0)
DA:1,3
DA:2,3
DA:3,3
DA:10,3
DA:11,5
LF:5
LH:5
BRF:0
BRH:0
end_of_record
TN:
SF:src\components\addButton\styled.ts
FN:17,(anonymous_0)
FNF:1
FNH:1
FNDA:5,(anonymous_0)
DA:1,3
DA:2,3
DA:8,3
DA:18,5
DA:26,3
LF:5
LH:5
BRDA:18,0,0,0
BRDA:18,0,1,5
BRF:2
BRH:1
end_of_record
TN:
SF:src\components\appIcon\index.tsx
FN:10,(anonymous_0)
FNF:1
FNH:1
FNDA:7,(anonymous_0)
DA:1,4
DA:10,4
DA:15,7
LF:3
LH:3
BRDA:12,0,0,6
BRDA:13,1,0,6
BRF:2
BRH:2
end_of_record
TN:
SF:src\components\appLogo\index.tsx
FN:8,(anonymous_0)
FNF:1
FNH:1
FNDA:4,(anonymous_0)
DA:1,3
DA:8,3
DA:9,4
LF:3
LH:3
BRDA:8,0,0,4
BRDA:8,1,0,4
BRDA:60,2,0,4
BRDA:60,2,1,0
BRDA:72,3,0,4
BRDA:72,3,1,0
BRF:6
BRH:4
end_of_record
TN:
SF:src\components\appLogo\styled.ts
FNF:0
FNH:0
DA:1,3
DA:2,3
DA:4,3
DA:10,3
DA:14,3
DA:19,3
LF:6
LH:6
BRF:0
BRH:0
end_of_record
TN:
SF:src\components\carouselItem\index.tsx
FN:22,(anonymous_0)
FN:25,(anonymous_1)
FN:28,(anonymous_2)
FN:55,(anonymous_3)
FNF:4
FNH:4
FNDA:1,(anonymous_0)
FNDA:1,(anonymous_1)
FNDA:1,(anonymous_2)
FNDA:1,(anonymous_3)
DA:1,1
DA:2,1
DA:4,1
DA:5,1
DA:6,1
DA:7,1
DA:22,1
DA:23,1
DA:25,1
DA:26,1
DA:28,1
DA:32,1
DA:33,1
DA:36,1
DA:55,1
LF:15
LH:15
BRDA:25,0,0,1
BRDA:25,0,1,1
BRDA:38,1,0,1
BRDA:38,1,1,0
BRDA:48,2,0,1
BRDA:48,2,1,0
BRDA:49,3,0,1
BRDA:49,3,1,0
BRF:8
BRH:5
end_of_record
TN:
SF:src\components\carouselItem\styled.ts
FN:11,(anonymous_0)
FNF:1
FNH:1
FNDA:1,(anonymous_0)
DA:1,1
DA:2,1
DA:8,1
DA:11,1
DA:17,1
DA:25,1
DA:36,1
DA:42,1
DA:47,1
DA:59,1
DA:64,1
DA:69,1
DA:70,1
DA:71,1
DA:72,1
DA:73,1
DA:74,1
DA:75,1
DA:76,1
LF:19
LH:19
BRF:0
BRH:0
end_of_record
TN:
SF:src\components\errorBoundary\index.tsx
FN:12,(anonymous_0)
FN:17,(anonymous_1)
FN:21,(anonymous_2)
FN:25,(anonymous_3)
FNF:4
FNH:4
FNDA:4,(anonymous_0)
FNDA:2,(anonymous_1)
FNDA:1,(anonymous_2)
FNDA:5,(anonymous_3)
DA:1,1
DA:2,1
DA:12,1
DA:13,3
DA:18,2
DA:22,1
DA:26,5
DA:27,2
DA:36,3
LF:9
LH:9
BRDA:26,0,0,2
BRF:1
BRH:1
end_of_record
TN:
SF:src\components\galleryItem\index.tsx
FN:25,(anonymous_0)
FN:30,(anonymous_1)
FN:35,(anonymous_2)
FN:36,(anonymous_3)
FN:38,(anonymous_4)
FN:50,(anonymous_5)
FN:83,(anonymous_6)
FNF:7
FNH:4
FNDA:4,(anonymous_0)
FNDA:4,(anonymous_1)
FNDA:0,(anonymous_2)
FNDA:0,(anonymous_3)
FNDA:1,(anonymous_4)
FNDA:0,(anonymous_5)
FNDA:1,(anonymous_6)
DA:1,2
DA:2,2
DA:4,2
DA:5,2
DA:6,2
DA:7,2
DA:8,2
DA:25,2
DA:27,4
DA:29,4
DA:30,4
DA:31,4
DA:33,4
DA:35,4
DA:36,4
DA:38,4
DA:42,1
DA:43,1
DA:46,4
DA:50,0
DA:83,1
LF:21
LH:20
BRDA:30,0,0,4
BRDA:30,0,1,4
BRDA:54,1,0,4
BRDA:54,1,1,0
BRDA:58,2,0,4
BRDA:58,2,1,0
BRDA:72,3,0,4
BRDA:72,3,1,0
BRDA:74,4,0,4
BRDA:74,4,1,0
BRDA:74,4,2,0
BRF:11
BRH:6
end_of_record
TN:
SF:src\components\galleryItem\styled.ts
FN:37,(anonymous_0)
FN:53,(anonymous_1)
FNF:2
FNH:2
FNDA:4,(anonymous_0)
FNDA:4,(anonymous_1)
DA:1,2
DA:2,2
DA:8,2
DA:19,2
DA:24,2
DA:30,2
DA:38,4
DA:41,2
DA:54,4
DA:57,2
DA:63,2
DA:71,2
DA:82,2
DA:86,2
DA:91,2
DA:92,2
DA:93,2
DA:94,2
DA:95,2
DA:96,2
DA:97,2
DA:98,2
DA:99,2
DA:100,2
LF:24
LH:24
BRDA:38,0,0,0
BRDA:38,0,1,4
BRDA:54,1,0,0
BRDA:54,1,1,4
BRF:4
BRH:2
end_of_record
TN:
SF:src\components\gallerySection\index.tsx
FN:9,(anonymous_0)
FN:12,(anonymous_1)
FN:40,(anonymous_2)
FNF:3
FNH:2
FNDA:3,(anonymous_0)
FNDA:0,(anonymous_1)
FNDA:2,(anonymous_2)
DA:1,1
DA:2,1
DA:3,1
DA:4,1
DA:5,1
DA:6,1
DA:7,1
DA:9,1
DA:10,3
DA:12,3
DA:18,3
DA:20,3
DA:21,1
DA:29,2
DA:41,2
LF:15
LH:15
BRDA:20,0,0,1
BRDA:35,1,0,1
BRDA:35,1,1,1
BRDA:39,2,0,1
BRDA:39,2,1,1
BRDA:41,3,0,2
BRDA:41,3,1,0
BRF:7
BRH:6
end_of_record
TN:
SF:src\components\gallerySection\styled.ts
FNF:0
FNH:0
DA:1,1
DA:2,1
DA:4,1
DA:10,1
DA:26,1
DA:43,1
LF:6
LH:6
BRF:0
BRH:0
end_of_record
TN:
SF:src\components\loader\index.tsx
FN:3,(anonymous_0)
FNF:1
FNH:1
FNDA:1,(anonymous_0)
DA:1,1
DA:3,1
DA:4,1
LF:3
LH:3
BRF:0
BRH:0
end_of_record
TN:
SF:src\components\loader\styled.ts
FNF:0
FNH:0
DA:1,1
DA:2,1
DA:4,1
DA:14,1
DA:22,1
DA:47,1
LF:6
LH:6
BRF:0
BRH:0
end_of_record
TN:
SF:src\components\sectionTitle\index.tsx
FN:8,(anonymous_0)
FNF:1
FNH:1
FNDA:3,(anonymous_0)
DA:1,1
DA:8,1
DA:9,3
LF:3
LH:3
BRF:0
BRH:0
end_of_record
TN:
SF:src\components\sectionTitle\styled.ts
FNF:0
FNH:0
DA:1,1
DA:2,1
DA:4,1
DA:11,1
DA:18,1
DA:28,1
LF:6
LH:6
BRF:0
BRH:0
end_of_record
TN:
SF:src\constants\limits.ts
FN:1,(anonymous_0)
FNF:1
FNH:1
FNDA:1,(anonymous_0)
DA:1,1
DA:2,1
DA:3,1
DA:4,1
LF:4
LH:4
BRDA:1,0,0,1
BRDA:1,0,1,1
BRF:2
BRH:2
end_of_record
TN:
SF:src\constants\url.ts
FNF:0
FNH:0
DA:1,1
LF:1
LH:1
BRF:0
BRH:0
end_of_record
TN:
SF:src\context\index.tsx
FN:16,(anonymous_0)
FN:17,(anonymous_1)
FN:20,(anonymous_2)
FN:24,(anonymous_3)
FN:39,(anonymous_4)
FNF:5
FNH:4
FNDA:0,(anonymous_0)
FNDA:2,(anonymous_1)
FNDA:2,(anonymous_2)
FNDA:2,(anonymous_3)
FNDA:4,(anonymous_4)
DA:1,2
DA:2,2
DA:14,2
DA:17,2
DA:20,2
DA:21,2
DA:23,2
DA:24,2
DA:32,2
DA:39,4
LF:10
LH:10
BRF:0
BRH:0
end_of_record
TN:
SF:src\hooks\useFavorites.ts
FN:3,useFavorites
FN:6,(anonymous_1)
FN:8,(anonymous_2)
FN:10,(anonymous_3)
FNF:4
FNH:4
FNDA:5,useFavorites
FNDA:5,(anonymous_1)
FNDA:4,(anonymous_2)
FNDA:3,(anonymous_3)
DA:1,2
DA:3,2
DA:4,5
DA:6,5
DA:8,5
DA:9,4
DA:10,3
DA:12,4
DA:15,5
LF:9
LH:9
BRDA:9,0,0,2
BRDA:9,0,1,2
BRF:2
BRH:2
end_of_record
TN:
SF:src\hooks\useFetch.ts
FN:5,(anonymous_0)
FN:16,(anonymous_1)
FN:17,(anonymous_2)
FNF:3
FNH:0
FNDA:0,(anonymous_0)
FNDA:0,(anonymous_1)
FNDA:0,(anonymous_2)
DA:1,1
DA:5,1
DA:11,0
DA:12,0
DA:13,0
DA:14,0
DA:16,0
DA:17,0
DA:18,0
DA:19,0
DA:21,0
DA:22,0
DA:23,0
DA:24,0
DA:27,0
DA:28,0
DA:29,0
DA:31,0
DA:32,0
DA:35,0
DA:37,0
DA:41,0
DA:45,0
DA:48,1
LF:24
LH:3
BRDA:8,0,0,0
BRDA:21,1,0,0
BRDA:21,2,0,0
BRDA:21,2,1,0
BRDA:31,3,0,0
BRF:5
BRH:0
end_of_record
TN:
SF:src\hooks\useLocalStorage.ts
FN:3,useLocalStorage
FN:7,(anonymous_1)
FN:12,(anonymous_2)
FNF:3
FNH:3
FNDA:8,useLocalStorage
FNDA:3,(anonymous_1)
FNDA:8,(anonymous_2)
DA:1,3
DA:3,3
DA:7,8
DA:8,3
DA:9,3
DA:12,8
DA:13,8
DA:16,8
LF:8
LH:8
BRDA:9,0,0,1
BRDA:9,0,1,2
BRF:2
BRH:2
end_of_record
TN:
SF:src\styles\theme.ts
FNF:0
FNH:0
DA:1,4
LF:1
LH:1
BRF:0
BRH:0
end_of_record
TN:
SF:src\utils\api.ts
FN:10,(anonymous_0)
FN:20,(anonymous_1)
FN:29,(anonymous_2)
FN:36,(anonymous_3)
FNF:4
FNH:0
FNDA:0,(anonymous_0)
FNDA:0,(anonymous_1)
FNDA:0,(anonymous_2)
FNDA:0,(anonymous_3)
DA:8,1
DA:10,1
DA:14,0
DA:17,0
DA:20,1
DA:23,0
DA:26,0
DA:29,1
DA:32,0
DA:33,0
DA:36,1
DA:40,0
DA:41,0
DA:44,0
DA:55,0
LF:15
LH:5
BRDA:40,0,0,0
BRF:1
BRH:0
end_of_record
TN:
SF:src\utils\axiosConfing.ts
FNF:0
FNH:0
DA:1,1
DA:2,1
DA:4,1
LF:3
LH:3
BRF:0
BRH:0
end_of_record
TN:
SF:src\utils\imageUtils.ts
FN:1,(anonymous_0)
FNF:1
FNH:1
FNDA:3,(anonymous_0)
DA:1,2
DA:2,3
LF:2
LH:2
BRF:0
BRH:0
end_of_record
